<?xml version="1.0" encoding="UTF-8"?>
<!-- Generated by org.testng.reporters.JUnitXMLReporter -->
<testsuite hostname="DESKTOP-AT9D6PC" ignored="5" name="verify login functionality with 2 users" tests="2" failures="0" timestamp="27 Jan 2019 11:25:55 GMT" time="46.301" errors="0">
  <testcase name="EnterUserNamePassword" time="23.265" classname="ej.modules.Login"/>
  <testcase name="EnterUserNamePassword" time="23.014" classname="ej.modules.Login"/>
  <testcase name="EnterURL" time="0.0" classname="ej.modules.Login">
    <ignored/>
  </testcase> <!-- EnterURL -->
  <testcase name="ClickLoginButton" time="0.0" classname="ej.modules.Login">
    <ignored/>
  </testcase> <!-- ClickLoginButton -->
  <testcase name="EnterUserName" time="0.0" classname="ej.modules.Login">
    <ignored/>
  </testcase> <!-- EnterUserName -->
  <testcase name="EnterPassword" time="0.0" classname="ej.modules.Login">
    <ignored/>
  </testcase> <!-- EnterPassword -->
  <testcase name="OpenBrowser" time="0.0" classname="ej.modules.Login">
    <ignored/>
  </testcase> <!-- OpenBrowser -->
</testsuite> <!-- verify login functionality with 2 users -->
