<?xml version="1.0" encoding="UTF-8"?>
<!-- Generated by org.testng.reporters.JUnitXMLReporter -->
<testsuite hostname="DESKTOP-AT9D6PC" ignored="1" name="verify creation of new company" tests="7" failures="0" timestamp="27 Jan 2019 11:25:08 GMT" time="57.836" errors="0">
  <testcase name="OpenBrowser" time="16.799" classname="ej.modules.Login"/>
  <testcase name="EnterURL" time="1.867" classname="ej.modules.Login"/>
  <testcase name="EnterUserName" time="2.153" classname="ej.modules.Login"/>
  <testcase name="EnterPassword" time="2.131" classname="ej.modules.Login"/>
  <testcase name="ClickLoginButton" time="3.494" classname="ej.modules.Login"/>
  <testcase name="createNewCo" time="30.882" classname="ej.modules.ManageCompany"/>
  <testcase name="deleteCompany" time="0.453" classname="ej.modules.ManageCompany"/>
  <testcase name="EnterUserNamePassword" time="0.0" classname="ej.modules.Login">
    <ignored/>
  </testcase> <!-- EnterUserNamePassword -->
</testsuite> <!-- verify creation of new company -->
