<?xml version="1.0" encoding="UTF-8"?>
<testsuite name="TestSuite" time="81.003" tests="9" errors="0" skipped="0" failures="0">
  <properties>
[...]
</properties>
  <testcase name="OpenBrowser" classname="ej.modules.Login" time="16.804"/>
  <testcase name="EnterURL" classname="ej.modules.Login" time="1.857"/>
  <testcase name="EnterUserName" classname="ej.modules.Login" time="2.157"/>
  <testcase name="EnterPassword" classname="ej.modules.Login" time="2.115"/>
  <testcase name="ClickLoginButton" classname="ej.modules.Login" time="3.481"/>
  <testcase name="createNewCo" classname="ej.modules.ManageCompany" time="30.882"/>
  <testcase name="deleteCompany" classname="ej.modules.ManageCompany" time="0.45"/>
  <testcase name="EnterUserNamePassword" classname="ej.modules.Login" time="23.257"/>
  <testcase name="EnterUserNamePassword" classname="ej.modules.Login" time="23.009"/>
</testsuite>