<?xml version="1.0" encoding="UTF-8"?>
<!-- Generated by org.testng.reporters.JUnitXMLReporter -->
<testsuite hostname="DESKTOP-AT9D6PC" ignored="0" name="verify addition and multiplication of 2 numbers" tests="5" failures="0" timestamp="15 Jan 2019 13:12:43 GMT" time="53.195" errors="0">
  <testcase name="OpenBrowser" time="26.605" classname="ej.modules.Login"/>
  <testcase name="EnterURL" time="4.599" classname="ej.modules.Login"/>
  <testcase name="EnterUserName" time="2.957" classname="ej.modules.Login"/>
  <testcase name="EnterPassword" time="2.084" classname="ej.modules.Login"/>
  <testcase name="ClickLoginButton" time="16.871" classname="ej.modules.Login"/>
</testsuite> <!-- verify addition and multiplication of 2 numbers -->
