<?xml version="1.0" encoding="UTF-8"?>
<!-- Generated by org.testng.reporters.JUnitXMLReporter -->
<testsuite hostname="DESKTOP-AT9D6PC" ignored="0" name="verify login functionality" tests="5" failures="0" timestamp="15 Jan 2019 13:23:17 GMT" time="23.721" errors="0">
  <testcase name="OpenBrowser" time="15.404" classname="ej.modules.Login"/>
  <testcase name="EnterURL" time="1.062" classname="ej.modules.Login"/>
  <testcase name="EnterUserName" time="2.106" classname="ej.modules.Login"/>
  <testcase name="EnterPassword" time="2.101" classname="ej.modules.Login"/>
  <testcase name="ClickLoginButton" time="2.978" classname="ej.modules.Login"/>
</testsuite> <!-- verify login functionality -->
