<?xml version="1.0" encoding="UTF-8"?>
<!-- Generated by org.testng.reporters.JUnitXMLReporter -->
<testsuite hostname="DESKTOP-AT9D6PC" ignored="1" name="verify deletion of company" tests="5" failures="0" timestamp="29 Jan 2019 10:44:51 GMT" time="59.492" errors="0">
  <testcase name="OpenBrowser" time="49.364" classname="ej.modules.Login"/>
  <testcase name="EnterURL" time="1.452" classname="ej.modules.Login"/>
  <testcase name="EnterUserName" time="2.132" classname="ej.modules.Login"/>
  <testcase name="EnterPassword" time="2.089" classname="ej.modules.Login"/>
  <testcase name="ClickLoginButton" time="4.377" classname="ej.modules.Login"/>
  <testcase name="EnterUserNamePassword" time="0.0" classname="ej.modules.Login">
    <ignored/>
  </testcase> <!-- EnterUserNamePassword -->
</testsuite> <!-- verify deletion of company -->
