<?xml version="1.0" encoding="UTF-8"?>
<!-- Generated by org.testng.reporters.JUnitXMLReporter -->
<testsuite hostname="DESKTOP-AT9D6PC" ignored="1" name="verify login functionality with 2 users" tests="5" failures="0" timestamp="29 Jan 2019 09:19:52 GMT" time="107.922" errors="0">
  <testcase name="ClickLoginButton" time="42.148" classname="ej.modules.Login"/>
  <testcase name="EnterPassword" time="42.228" classname="ej.modules.Login"/>
  <testcase name="EnterURL" time="2.329" classname="ej.modules.Login"/>
  <testcase name="EnterUserName" time="3.085" classname="ej.modules.Login"/>
  <testcase name="OpenBrowser" time="18.128" classname="ej.modules.Login"/>
  <testcase name="EnterUserNamePassword" time="0.0" classname="ej.modules.Login">
    <ignored/>
  </testcase> <!-- EnterUserNamePassword -->
</testsuite> <!-- verify login functionality with 2 users -->
